<?xml version="1.0" encoding="UTF-8"?>
<TestRun id="53677378-8b7f-4c0a-90d4-e4362e423259" name="Harry@HARRY-PC 2013-07-31 13:46:46" runUser="Harry-PC\Harry" xmlns="http://microsoft.com/schemas/VisualStudio/TeamTest/2010">
  <TestSettings name="Local Test Run" id="2ac98c66-44ab-4803-aec6-5d9a148cece0">
    <Description>This is a default test run configuration for a local test run.</Description>
    <Deployment runDeploymentRoot="Harry_HARRY-PC 2013-07-31 13_46_46">
      <DeploymentItem filename="C:\Users\Harry\Documents\Visual Studio 2010\Projects\Nomina\Resources\NCalc - Sources\Evaluant.Calculator\bin\Debug\NCalc.dll" />
      <DeploymentItem filename="C:\Users\Harry\Documents\Visual Studio 2010\Projects\Nomina\Resources\NCalc - Sources\Binaries\Antlr3.Runtime.dll" />
    </Deployment>
    <Execution>
      <TestTypeSpecific />
      <AgentRule name="Execution Agents">
      </AgentRule>
    </Execution>
  </TestSettings>
  <Times creation="2013-07-31T13:46:46.4714457+02:00" queuing="2013-07-31T13:46:49.8786406+02:00" start="2013-07-31T13:46:50.1036535+02:00" finish="2013-07-31T13:46:58.6621430+02:00" />
  <ResultSummary outcome="Error">
    <Counters total="37" executed="16" passed="15" error="0" failed="0" timeout="0" aborted="1" inconclusive="0" passedButRunAborted="0" notRunnable="0" notExecuted="21" disconnected="0" warning="0" completed="0" inProgress="0" pending="0" />
    <RunInfos>
      <RunInfo computerName="HARRY-PC" outcome="Error" timestamp="2013-07-31T13:46:58.6601429+02:00">
        <Text>El proceso del host de pruebas terminó inesperadamente.</Text>
      </RunInfo>
    </RunInfos>
  </ResultSummary>
  <TestDefinitions>
    <UnitTest name="ShouldEvaluateSubExpressions" storage="c:\users\harry\documents\visual studio 2010\projects\nomina\resources\ncalc - sources\evaluant.calculator.tests\bin\debug\ncalc.tests.dll" id="c5a2bb55-4742-840c-be0d-e0735b428da1">
      <Execution id="d656d9cc-ba79-441c-be7e-9f681a44dea2" />
      <TestMethod codeBase="C:/Users/Harry/Documents/Visual Studio 2010/Projects/Nomina/Resources/NCalc - Sources/Evaluant.Calculator.Tests/bin/Debug/NCalc.Tests.DLL" adapterTypeName="Microsoft.VisualStudio.TestTools.TestTypes.Unit.UnitTestAdapter, Microsoft.VisualStudio.QualityTools.Tips.UnitTest.Adapter, Version=10.0.0.0, Culture=neutral, PublicKeyToken=b03f5f7f11d50a3a" className="NCalc.Tests.Fixtures, NCalc.Tests, Version=1.0.0.0, Culture=neutral, PublicKeyToken=null" name="ShouldEvaluateSubExpressions" />
    </UnitTest>
    <UnitTest name="ShouldSerializeExpression" storage="c:\users\harry\documents\visual studio 2010\projects\nomina\resources\ncalc - sources\evaluant.calculator.tests\bin\debug\ncalc.tests.dll" id="e9079026-5cc1-6c4f-6d75-6dac2168533b">
      <Execution id="3743e0b6-58e5-4b81-8725-3dabcf62116c" />
      <TestMethod codeBase="C:/Users/Harry/Documents/Visual Studio 2010/Projects/Nomina/Resources/NCalc - Sources/Evaluant.Calculator.Tests/bin/Debug/NCalc.Tests.DLL" adapterTypeName="Microsoft.VisualStudio.TestTools.TestTypes.Unit.UnitTestAdapter, Microsoft.VisualStudio.QualityTools.Tips.UnitTest.Adapter, Version=10.0.0.0, Culture=neutral, PublicKeyToken=b03f5f7f11d50a3a" className="NCalc.Tests.Fixtures, NCalc.Tests, Version=1.0.0.0, Culture=neutral, PublicKeyToken=null" name="ShouldSerializeExpression" />
    </UnitTest>
    <UnitTest name="Maths" storage="c:\users\harry\documents\visual studio 2010\projects\nomina\resources\ncalc - sources\evaluant.calculator.tests\bin\debug\ncalc.tests.dll" id="a3f2f0fc-a144-21e9-192b-729b833a050d">
      <Execution id="20b56698-01bb-4fef-b85e-6d29482bf262" />
      <TestMethod codeBase="C:/Users/Harry/Documents/Visual Studio 2010/Projects/Nomina/Resources/NCalc - Sources/Evaluant.Calculator.Tests/bin/Debug/NCalc.Tests.DLL" adapterTypeName="Microsoft.VisualStudio.TestTools.TestTypes.Unit.UnitTestAdapter, Microsoft.VisualStudio.QualityTools.Tips.UnitTest.Adapter, Version=10.0.0.0, Culture=neutral, PublicKeyToken=b03f5f7f11d50a3a" className="NCalc.Tests.Fixtures, NCalc.Tests, Version=1.0.0.0, Culture=neutral, PublicKeyToken=null" name="Maths" />
    </UnitTest>
    <UnitTest name="ShouldEvaluateOperators" storage="c:\users\harry\documents\visual studio 2010\projects\nomina\resources\ncalc - sources\evaluant.calculator.tests\bin\debug\ncalc.tests.dll" id="28725a4f-a72b-2b8c-1cb6-4c626b8d723e">
      <Execution id="84fd956f-3960-4a31-8eb8-a4ecb5185287" />
      <TestMethod codeBase="C:/Users/Harry/Documents/Visual Studio 2010/Projects/Nomina/Resources/NCalc - Sources/Evaluant.Calculator.Tests/bin/Debug/NCalc.Tests.DLL" adapterTypeName="Microsoft.VisualStudio.TestTools.TestTypes.Unit.UnitTestAdapter, Microsoft.VisualStudio.QualityTools.Tips.UnitTest.Adapter, Version=10.0.0.0, Culture=neutral, PublicKeyToken=b03f5f7f11d50a3a" className="NCalc.Tests.Fixtures, NCalc.Tests, Version=1.0.0.0, Culture=neutral, PublicKeyToken=null" name="ShouldEvaluateOperators" />
    </UnitTest>
    <UnitTest name="ShouldNotConvertRealTypes" storage="c:\users\harry\documents\visual studio 2010\projects\nomina\resources\ncalc - sources\evaluant.calculator.tests\bin\debug\ncalc.tests.dll" id="778d5a49-70b2-378f-89c5-3a8ec74c3a38">
      <Execution id="444bd28e-d264-4e34-a663-4fe339a9206b" />
      <TestMethod codeBase="C:/Users/Harry/Documents/Visual Studio 2010/Projects/Nomina/Resources/NCalc - Sources/Evaluant.Calculator.Tests/bin/Debug/NCalc.Tests.DLL" adapterTypeName="Microsoft.VisualStudio.TestTools.TestTypes.Unit.UnitTestAdapter, Microsoft.VisualStudio.QualityTools.Tips.UnitTest.Adapter, Version=10.0.0.0, Culture=neutral, PublicKeyToken=b03f5f7f11d50a3a" className="NCalc.Tests.Fixtures, NCalc.Tests, Version=1.0.0.0, Culture=neutral, PublicKeyToken=null" name="ShouldNotConvertRealTypes" />
    </UnitTest>
    <UnitTest name="ShouldDisplayErrorMessages" storage="c:\users\harry\documents\visual studio 2010\projects\nomina\resources\ncalc - sources\evaluant.calculator.tests\bin\debug\ncalc.tests.dll" id="db0daa54-3e1c-fc8b-ef6e-343b77a5c99f">
      <Execution id="9dfae139-8d32-4635-a44b-6a03085fe24e" />
      <TestMethod codeBase="C:/Users/Harry/Documents/Visual Studio 2010/Projects/Nomina/Resources/NCalc - Sources/Evaluant.Calculator.Tests/bin/Debug/NCalc.Tests.DLL" adapterTypeName="Microsoft.VisualStudio.TestTools.TestTypes.Unit.UnitTestAdapter, Microsoft.VisualStudio.QualityTools.Tips.UnitTest.Adapter, Version=10.0.0.0, Culture=neutral, PublicKeyToken=b03f5f7f11d50a3a" className="NCalc.Tests.Fixtures, NCalc.Tests, Version=1.0.0.0, Culture=neutral, PublicKeyToken=null" name="ShouldDisplayErrorMessages" />
    </UnitTest>
    <UnitTest name="ExpressionShouldEvaluateParameters" storage="c:\users\harry\documents\visual studio 2010\projects\nomina\resources\ncalc - sources\evaluant.calculator.tests\bin\debug\ncalc.tests.dll" id="c66384e6-6244-9854-9f1f-39947130ef1d">
      <Execution id="0da2ac3b-7e0f-4de4-baff-06a5c5627c53" />
      <TestMethod codeBase="C:/Users/Harry/Documents/Visual Studio 2010/Projects/Nomina/Resources/NCalc - Sources/Evaluant.Calculator.Tests/bin/Debug/NCalc.Tests.DLL" adapterTypeName="Microsoft.VisualStudio.TestTools.TestTypes.Unit.UnitTestAdapter, Microsoft.VisualStudio.QualityTools.Tips.UnitTest.Adapter, Version=10.0.0.0, Culture=neutral, PublicKeyToken=b03f5f7f11d50a3a" className="NCalc.Tests.Fixtures, NCalc.Tests, Version=1.0.0.0, Culture=neutral, PublicKeyToken=null" name="ExpressionShouldEvaluateParameters" />
    </UnitTest>
    <UnitTest name="ShouldHandleCaseSensitiveness" storage="c:\users\harry\documents\visual studio 2010\projects\nomina\resources\ncalc - sources\evaluant.calculator.tests\bin\debug\ncalc.tests.dll" id="4d8a6cc3-ab05-967a-37bc-cd67f9f06499">
      <Execution id="2d98c714-939a-411d-be91-1aaa7d6efaa6" />
      <TestMethod codeBase="C:/Users/Harry/Documents/Visual Studio 2010/Projects/Nomina/Resources/NCalc - Sources/Evaluant.Calculator.Tests/bin/Debug/NCalc.Tests.DLL" adapterTypeName="Microsoft.VisualStudio.TestTools.TestTypes.Unit.UnitTestAdapter, Microsoft.VisualStudio.QualityTools.Tips.UnitTest.Adapter, Version=10.0.0.0, Culture=neutral, PublicKeyToken=b03f5f7f11d50a3a" className="NCalc.Tests.Fixtures, NCalc.Tests, Version=1.0.0.0, Culture=neutral, PublicKeyToken=null" name="ShouldHandleCaseSensitiveness" />
    </UnitTest>
    <UnitTest name="CustomFunctionShouldReturnNull" storage="c:\users\harry\documents\visual studio 2010\projects\nomina\resources\ncalc - sources\evaluant.calculator.tests\bin\debug\ncalc.tests.dll" id="36e69de9-a7d6-136f-02d0-d6e0fc09e5c8">
      <Execution id="3390486b-96cc-430e-bc32-d258a27e2dfe" />
      <TestMethod codeBase="C:/Users/Harry/Documents/Visual Studio 2010/Projects/Nomina/Resources/NCalc - Sources/Evaluant.Calculator.Tests/bin/Debug/NCalc.Tests.DLL" adapterTypeName="Microsoft.VisualStudio.TestTools.TestTypes.Unit.UnitTestAdapter, Microsoft.VisualStudio.QualityTools.Tips.UnitTest.Adapter, Version=10.0.0.0, Culture=neutral, PublicKeyToken=b03f5f7f11d50a3a" className="NCalc.Tests.Fixtures, NCalc.Tests, Version=1.0.0.0, Culture=neutral, PublicKeyToken=null" name="CustomFunctionShouldReturnNull" />
    </UnitTest>
    <UnitTest name="ShouldThrowAnExpcetionWhenInvalidNumber" storage="c:\users\harry\documents\visual studio 2010\projects\nomina\resources\ncalc - sources\evaluant.calculator.tests\bin\debug\ncalc.tests.dll" id="3cc2a4ad-73ed-3dee-95a3-4ecef7be987f">
      <Execution id="5304bf3e-5c9a-4764-8bc8-0c8d2b2d3c81" />
      <TestMethod codeBase="C:/Users/Harry/Documents/Visual Studio 2010/Projects/Nomina/Resources/NCalc - Sources/Evaluant.Calculator.Tests/bin/Debug/NCalc.Tests.DLL" adapterTypeName="Microsoft.VisualStudio.TestTools.TestTypes.Unit.UnitTestAdapter, Microsoft.VisualStudio.QualityTools.Tips.UnitTest.Adapter, Version=10.0.0.0, Culture=neutral, PublicKeyToken=b03f5f7f11d50a3a" className="NCalc.Tests.Fixtures, NCalc.Tests, Version=1.0.0.0, Culture=neutral, PublicKeyToken=null" name="ShouldThrowAnExpcetionWhenInvalidNumber" />
    </UnitTest>
    <UnitTest name="ShouldEvaluateArrayParameters" storage="c:\users\harry\documents\visual studio 2010\projects\nomina\resources\ncalc - sources\evaluant.calculator.tests\bin\debug\ncalc.tests.dll" id="00b7bd15-91dd-659d-fdfb-b557696bdf1c">
      <Execution id="84b21ffb-e92a-4b18-97c2-3381cd201e9f" />
      <TestMethod codeBase="C:/Users/Harry/Documents/Visual Studio 2010/Projects/Nomina/Resources/NCalc - Sources/Evaluant.Calculator.Tests/bin/Debug/NCalc.Tests.DLL" adapterTypeName="Microsoft.VisualStudio.TestTools.TestTypes.Unit.UnitTestAdapter, Microsoft.VisualStudio.QualityTools.Tips.UnitTest.Adapter, Version=10.0.0.0, Culture=neutral, PublicKeyToken=b03f5f7f11d50a3a" className="NCalc.Tests.Fixtures, NCalc.Tests, Version=1.0.0.0, Culture=neutral, PublicKeyToken=null" name="ShouldEvaluateArrayParameters" />
    </UnitTest>
    <UnitTest name="ShouldHandleLongValues" storage="c:\users\harry\documents\visual studio 2010\projects\nomina\resources\ncalc - sources\evaluant.calculator.tests\bin\debug\ncalc.tests.dll" id="e429e649-a42d-8648-2bc2-29ac743fb4e2">
      <Execution id="8920bab5-2fae-46f8-8584-2a7fc6e6adb8" />
      <TestMethod codeBase="C:/Users/Harry/Documents/Visual Studio 2010/Projects/Nomina/Resources/NCalc - Sources/Evaluant.Calculator.Tests/bin/Debug/NCalc.Tests.DLL" adapterTypeName="Microsoft.VisualStudio.TestTools.TestTypes.Unit.UnitTestAdapter, Microsoft.VisualStudio.QualityTools.Tips.UnitTest.Adapter, Version=10.0.0.0, Culture=neutral, PublicKeyToken=b03f5f7f11d50a3a" className="NCalc.Tests.Fixtures, NCalc.Tests, Version=1.0.0.0, Culture=neutral, PublicKeyToken=null" name="ShouldHandleLongValues" />
    </UnitTest>
    <UnitTest name="ShouldParseValues" storage="c:\users\harry\documents\visual studio 2010\projects\nomina\resources\ncalc - sources\evaluant.calculator.tests\bin\debug\ncalc.tests.dll" id="00714313-1542-cf11-92d9-eb7739023757">
      <Execution id="7fee0266-cc6c-4512-9854-14b00c82dd41" />
      <TestMethod codeBase="C:/Users/Harry/Documents/Visual Studio 2010/Projects/Nomina/Resources/NCalc - Sources/Evaluant.Calculator.Tests/bin/Debug/NCalc.Tests.DLL" adapterTypeName="Microsoft.VisualStudio.TestTools.TestTypes.Unit.UnitTestAdapter, Microsoft.VisualStudio.QualityTools.Tips.UnitTest.Adapter, Version=10.0.0.0, Culture=neutral, PublicKeyToken=b03f5f7f11d50a3a" className="NCalc.Tests.Fixtures, NCalc.Tests, Version=1.0.0.0, Culture=neutral, PublicKeyToken=null" name="ShouldParseValues" />
    </UnitTest>
    <UnitTest name="ExpressionShouldEvaluate" storage="c:\users\harry\documents\visual studio 2010\projects\nomina\resources\ncalc - sources\evaluant.calculator.tests\bin\debug\ncalc.tests.dll" id="30b92448-cbf7-4291-40fe-f05f5f2dc336">
      <Execution id="5db7f063-5eaa-4c36-9c49-e3dcbea9bb1e" />
      <TestMethod codeBase="C:/Users/Harry/Documents/Visual Studio 2010/Projects/Nomina/Resources/NCalc - Sources/Evaluant.Calculator.Tests/bin/Debug/NCalc.Tests.DLL" adapterTypeName="Microsoft.VisualStudio.TestTools.TestTypes.Unit.UnitTestAdapter, Microsoft.VisualStudio.QualityTools.Tips.UnitTest.Adapter, Version=10.0.0.0, Culture=neutral, PublicKeyToken=b03f5f7f11d50a3a" className="NCalc.Tests.Fixtures, NCalc.Tests, Version=1.0.0.0, Culture=neutral, PublicKeyToken=null" name="ExpressionShouldEvaluate" />
    </UnitTest>
    <UnitTest name="ShouldRoundAwayFromZero" storage="c:\users\harry\documents\visual studio 2010\projects\nomina\resources\ncalc - sources\evaluant.calculator.tests\bin\debug\ncalc.tests.dll" id="8905f16c-c6ec-1d0d-831a-4c657b1b582c">
      <Execution id="079e4609-1cb9-4b81-bbbf-28f6e7aa0e74" />
      <TestMethod codeBase="C:/Users/Harry/Documents/Visual Studio 2010/Projects/Nomina/Resources/NCalc - Sources/Evaluant.Calculator.Tests/bin/Debug/NCalc.Tests.DLL" adapterTypeName="Microsoft.VisualStudio.TestTools.TestTypes.Unit.UnitTestAdapter, Microsoft.VisualStudio.QualityTools.Tips.UnitTest.Adapter, Version=10.0.0.0, Culture=neutral, PublicKeyToken=b03f5f7f11d50a3a" className="NCalc.Tests.Fixtures, NCalc.Tests, Version=1.0.0.0, Culture=neutral, PublicKeyToken=null" name="ShouldRoundAwayFromZero" />
    </UnitTest>
    <UnitTest name="ShouldHandleCustomFunctionsInFunctions" storage="c:\users\harry\documents\visual studio 2010\projects\nomina\resources\ncalc - sources\evaluant.calculator.tests\bin\debug\ncalc.tests.dll" id="3e1995b8-60bc-eacf-6fac-1ed4ff2b93cf">
      <Execution id="445f2be2-c7c9-412e-82a4-fe942fc63056" />
      <TestMethod codeBase="C:/Users/Harry/Documents/Visual Studio 2010/Projects/Nomina/Resources/NCalc - Sources/Evaluant.Calculator.Tests/bin/Debug/NCalc.Tests.DLL" adapterTypeName="Microsoft.VisualStudio.TestTools.TestTypes.Unit.UnitTestAdapter, Microsoft.VisualStudio.QualityTools.Tips.UnitTest.Adapter, Version=10.0.0.0, Culture=neutral, PublicKeyToken=b03f5f7f11d50a3a" className="NCalc.Tests.Fixtures, NCalc.Tests, Version=1.0.0.0, Culture=neutral, PublicKeyToken=null" name="ShouldHandleCustomFunctionsInFunctions" />
    </UnitTest>
    <UnitTest name="ShouldHandleStringConcatenation" storage="c:\users\harry\documents\visual studio 2010\projects\nomina\resources\ncalc - sources\evaluant.calculator.tests\bin\debug\ncalc.tests.dll" id="c292a9dd-0417-f904-994b-8a7d425f5e1c">
      <Execution id="cc20c7bf-b562-4cf4-87b5-a62f5ef1b16d" />
      <TestMethod codeBase="C:/Users/Harry/Documents/Visual Studio 2010/Projects/Nomina/Resources/NCalc - Sources/Evaluant.Calculator.Tests/bin/Debug/NCalc.Tests.DLL" adapterTypeName="Microsoft.VisualStudio.TestTools.TestTypes.Unit.UnitTestAdapter, Microsoft.VisualStudio.QualityTools.Tips.UnitTest.Adapter, Version=10.0.0.0, Culture=neutral, PublicKeyToken=b03f5f7f11d50a3a" className="NCalc.Tests.Fixtures, NCalc.Tests, Version=1.0.0.0, Culture=neutral, PublicKeyToken=null" name="ShouldHandleStringConcatenation" />
    </UnitTest>
    <UnitTest name="ShouldOverrideExistingFunctions" storage="c:\users\harry\documents\visual studio 2010\projects\nomina\resources\ncalc - sources\evaluant.calculator.tests\bin\debug\ncalc.tests.dll" id="8fafc336-58b1-0d6f-2efb-571efef47a9c">
      <Execution id="5154035e-f15e-46be-994b-5f1857b3ff72" />
      <TestMethod codeBase="C:/Users/Harry/Documents/Visual Studio 2010/Projects/Nomina/Resources/NCalc - Sources/Evaluant.Calculator.Tests/bin/Debug/NCalc.Tests.DLL" adapterTypeName="Microsoft.VisualStudio.TestTools.TestTypes.Unit.UnitTestAdapter, Microsoft.VisualStudio.QualityTools.Tips.UnitTest.Adapter, Version=10.0.0.0, Culture=neutral, PublicKeyToken=b03f5f7f11d50a3a" className="NCalc.Tests.Fixtures, NCalc.Tests, Version=1.0.0.0, Culture=neutral, PublicKeyToken=null" name="ShouldOverrideExistingFunctions" />
    </UnitTest>
    <UnitTest name="ShouldShortCircuitBooleanExpressions" storage="c:\users\harry\documents\visual studio 2010\projects\nomina\resources\ncalc - sources\evaluant.calculator.tests\bin\debug\ncalc.tests.dll" id="2231ec10-37ba-343a-0ed3-1d00357393b0">
      <Execution id="86331649-486c-4fe8-9907-5219f732922b" />
      <TestMethod codeBase="C:/Users/Harry/Documents/Visual Studio 2010/Projects/Nomina/Resources/NCalc - Sources/Evaluant.Calculator.Tests/bin/Debug/NCalc.Tests.DLL" adapterTypeName="Microsoft.VisualStudio.TestTools.TestTypes.Unit.UnitTestAdapter, Microsoft.VisualStudio.QualityTools.Tips.UnitTest.Adapter, Version=10.0.0.0, Culture=neutral, PublicKeyToken=b03f5f7f11d50a3a" className="NCalc.Tests.Fixtures, NCalc.Tests, Version=1.0.0.0, Culture=neutral, PublicKeyToken=null" name="ShouldShortCircuitBooleanExpressions" />
    </UnitTest>
    <UnitTest name="ShouldHandleUnicode" storage="c:\users\harry\documents\visual studio 2010\projects\nomina\resources\ncalc - sources\evaluant.calculator.tests\bin\debug\ncalc.tests.dll" id="6fe53641-9902-920a-89ad-6161ced249dc">
      <Execution id="4117a470-a046-416d-a4ee-99a5b8feb9e9" />
      <TestMethod codeBase="C:/Users/Harry/Documents/Visual Studio 2010/Projects/Nomina/Resources/NCalc - Sources/Evaluant.Calculator.Tests/bin/Debug/NCalc.Tests.DLL" adapterTypeName="Microsoft.VisualStudio.TestTools.TestTypes.Unit.UnitTestAdapter, Microsoft.VisualStudio.QualityTools.Tips.UnitTest.Adapter, Version=10.0.0.0, Culture=neutral, PublicKeyToken=b03f5f7f11d50a3a" className="NCalc.Tests.Fixtures, NCalc.Tests, Version=1.0.0.0, Culture=neutral, PublicKeyToken=null" name="ShouldHandleUnicode" />
    </UnitTest>
    <UnitTest name="ShouldEvaluateConditionnal" storage="c:\users\harry\documents\visual studio 2010\projects\nomina\resources\ncalc - sources\evaluant.calculator.tests\bin\debug\ncalc.tests.dll" id="86c14894-d5f2-00ea-69b6-5d894ad03bfe">
      <Execution id="63301699-c6c2-4e34-b66c-aecc64569ee9" />
      <TestMethod codeBase="C:/Users/Harry/Documents/Visual Studio 2010/Projects/Nomina/Resources/NCalc - Sources/Evaluant.Calculator.Tests/bin/Debug/NCalc.Tests.DLL" adapterTypeName="Microsoft.VisualStudio.TestTools.TestTypes.Unit.UnitTestAdapter, Microsoft.VisualStudio.QualityTools.Tips.UnitTest.Adapter, Version=10.0.0.0, Culture=neutral, PublicKeyToken=b03f5f7f11d50a3a" className="NCalc.Tests.Fixtures, NCalc.Tests, Version=1.0.0.0, Culture=neutral, PublicKeyToken=null" name="ShouldEvaluateConditionnal" />
    </UnitTest>
    <UnitTest name="ShouldDetectSyntaxErrorsBeforeEvaluation" storage="c:\users\harry\documents\visual studio 2010\projects\nomina\resources\ncalc - sources\evaluant.calculator.tests\bin\debug\ncalc.tests.dll" id="99604dcc-de04-2cf7-98b8-1efc5861e4da">
      <Execution id="51046cfc-4093-41b9-bca9-838b2d64a66c" />
      <TestMethod codeBase="C:/Users/Harry/Documents/Visual Studio 2010/Projects/Nomina/Resources/NCalc - Sources/Evaluant.Calculator.Tests/bin/Debug/NCalc.Tests.DLL" adapterTypeName="Microsoft.VisualStudio.TestTools.TestTypes.Unit.UnitTestAdapter, Microsoft.VisualStudio.QualityTools.Tips.UnitTest.Adapter, Version=10.0.0.0, Culture=neutral, PublicKeyToken=b03f5f7f11d50a3a" className="NCalc.Tests.Fixtures, NCalc.Tests, Version=1.0.0.0, Culture=neutral, PublicKeyToken=null" name="ShouldDetectSyntaxErrorsBeforeEvaluation" />
    </UnitTest>
    <UnitTest name="ShouldNotRoundDecimalValues" storage="c:\users\harry\documents\visual studio 2010\projects\nomina\resources\ncalc - sources\evaluant.calculator.tests\bin\debug\ncalc.tests.dll" id="fb8a4047-f775-26c5-6f85-e471b71899bc">
      <Execution id="b83fc75d-9717-4ca4-924f-23c64862bbd2" />
      <TestMethod codeBase="C:/Users/Harry/Documents/Visual Studio 2010/Projects/Nomina/Resources/NCalc - Sources/Evaluant.Calculator.Tests/bin/Debug/NCalc.Tests.DLL" adapterTypeName="Microsoft.VisualStudio.TestTools.TestTypes.Unit.UnitTestAdapter, Microsoft.VisualStudio.QualityTools.Tips.UnitTest.Adapter, Version=10.0.0.0, Culture=neutral, PublicKeyToken=b03f5f7f11d50a3a" className="NCalc.Tests.Fixtures, NCalc.Tests, Version=1.0.0.0, Culture=neutral, PublicKeyToken=null" name="ShouldNotRoundDecimalValues" />
    </UnitTest>
    <UnitTest name="ShouldDisplayErrorIfUncompatibleTypes" storage="c:\users\harry\documents\visual studio 2010\projects\nomina\resources\ncalc - sources\evaluant.calculator.tests\bin\debug\ncalc.tests.dll" id="cc4cecb5-69e6-ccf6-a25a-ac3ea237170f">
      <Execution id="db55853a-8edc-43cb-8b7b-5ece2368f8d1" />
      <TestMethod codeBase="C:/Users/Harry/Documents/Visual Studio 2010/Projects/Nomina/Resources/NCalc - Sources/Evaluant.Calculator.Tests/bin/Debug/NCalc.Tests.DLL" adapterTypeName="Microsoft.VisualStudio.TestTools.TestTypes.Unit.UnitTestAdapter, Microsoft.VisualStudio.QualityTools.Tips.UnitTest.Adapter, Version=10.0.0.0, Culture=neutral, PublicKeyToken=b03f5f7f11d50a3a" className="NCalc.Tests.Fixtures, NCalc.Tests, Version=1.0.0.0, Culture=neutral, PublicKeyToken=null" name="ShouldDisplayErrorIfUncompatibleTypes" />
    </UnitTest>
    <UnitTest name="ShouldEvaluateInOperator" storage="c:\users\harry\documents\visual studio 2010\projects\nomina\resources\ncalc - sources\evaluant.calculator.tests\bin\debug\ncalc.tests.dll" id="1f4133c4-f6b1-f736-ee19-ed99df461232">
      <Execution id="069460c3-a588-4250-967b-0895a94b5f35" />
      <TestMethod codeBase="C:/Users/Harry/Documents/Visual Studio 2010/Projects/Nomina/Resources/NCalc - Sources/Evaluant.Calculator.Tests/bin/Debug/NCalc.Tests.DLL" adapterTypeName="Microsoft.VisualStudio.TestTools.TestTypes.Unit.UnitTestAdapter, Microsoft.VisualStudio.QualityTools.Tips.UnitTest.Adapter, Version=10.0.0.0, Culture=neutral, PublicKeyToken=b03f5f7f11d50a3a" className="NCalc.Tests.Fixtures, NCalc.Tests, Version=1.0.0.0, Culture=neutral, PublicKeyToken=null" name="ShouldEvaluateInOperator" />
    </UnitTest>
    <UnitTest name="ShouldParseScientificNotation" storage="c:\users\harry\documents\visual studio 2010\projects\nomina\resources\ncalc - sources\evaluant.calculator.tests\bin\debug\ncalc.tests.dll" id="59c0caa0-1bac-8a6c-5b20-5f4e424a51c5">
      <Execution id="ebdf4737-7ccc-4fcf-894e-7801f2d3c5d4" />
      <TestMethod codeBase="C:/Users/Harry/Documents/Visual Studio 2010/Projects/Nomina/Resources/NCalc - Sources/Evaluant.Calculator.Tests/bin/Debug/NCalc.Tests.DLL" adapterTypeName="Microsoft.VisualStudio.TestTools.TestTypes.Unit.UnitTestAdapter, Microsoft.VisualStudio.QualityTools.Tips.UnitTest.Adapter, Version=10.0.0.0, Culture=neutral, PublicKeyToken=b03f5f7f11d50a3a" className="NCalc.Tests.Fixtures, NCalc.Tests, Version=1.0.0.0, Culture=neutral, PublicKeyToken=null" name="ShouldParseScientificNotation" />
    </UnitTest>
    <UnitTest name="ExpressionShouldEvaluateCustomFunctions" storage="c:\users\harry\documents\visual studio 2010\projects\nomina\resources\ncalc - sources\evaluant.calculator.tests\bin\debug\ncalc.tests.dll" id="3b09401c-e456-50ee-49b8-5d61ed030cf5">
      <Execution id="6f14a759-0cfd-4745-97ef-2efbe5a6be1f" />
      <TestMethod codeBase="C:/Users/Harry/Documents/Visual Studio 2010/Projects/Nomina/Resources/NCalc - Sources/Evaluant.Calculator.Tests/bin/Debug/NCalc.Tests.DLL" adapterTypeName="Microsoft.VisualStudio.TestTools.TestTypes.Unit.UnitTestAdapter, Microsoft.VisualStudio.QualityTools.Tips.UnitTest.Adapter, Version=10.0.0.0, Culture=neutral, PublicKeyToken=b03f5f7f11d50a3a" className="NCalc.Tests.Fixtures, NCalc.Tests, Version=1.0.0.0, Culture=neutral, PublicKeyToken=null" name="ExpressionShouldEvaluateCustomFunctions" />
    </UnitTest>
    <UnitTest name="ShouldNotLoosePrecision" storage="c:\users\harry\documents\visual studio 2010\projects\nomina\resources\ncalc - sources\evaluant.calculator.tests\bin\debug\ncalc.tests.dll" id="d0a34968-467d-956a-bc68-c93edd90f861">
      <Execution id="8b71cc0a-1fdc-4f44-b85b-e27f67ce9494" />
      <TestMethod codeBase="C:/Users/Harry/Documents/Visual Studio 2010/Projects/Nomina/Resources/NCalc - Sources/Evaluant.Calculator.Tests/bin/Debug/NCalc.Tests.DLL" adapterTypeName="Microsoft.VisualStudio.TestTools.TestTypes.Unit.UnitTestAdapter, Microsoft.VisualStudio.QualityTools.Tips.UnitTest.Adapter, Version=10.0.0.0, Culture=neutral, PublicKeyToken=b03f5f7f11d50a3a" className="NCalc.Tests.Fixtures, NCalc.Tests, Version=1.0.0.0, Culture=neutral, PublicKeyToken=null" name="ShouldNotLoosePrecision" />
    </UnitTest>
    <UnitTest name="ShouldHandleOperatorsPriority" storage="c:\users\harry\documents\visual studio 2010\projects\nomina\resources\ncalc - sources\evaluant.calculator.tests\bin\debug\ncalc.tests.dll" id="2f52624a-b364-6c4b-1fd4-eb712a488572">
      <Execution id="141de686-24ac-4f60-8c22-3918f73cda4b" />
      <TestMethod codeBase="C:/Users/Harry/Documents/Visual Studio 2010/Projects/Nomina/Resources/NCalc - Sources/Evaluant.Calculator.Tests/bin/Debug/NCalc.Tests.DLL" adapterTypeName="Microsoft.VisualStudio.TestTools.TestTypes.Unit.UnitTestAdapter, Microsoft.VisualStudio.QualityTools.Tips.UnitTest.Adapter, Version=10.0.0.0, Culture=neutral, PublicKeyToken=b03f5f7f11d50a3a" className="NCalc.Tests.Fixtures, NCalc.Tests, Version=1.0.0.0, Culture=neutral, PublicKeyToken=null" name="ShouldHandleOperatorsPriority" />
    </UnitTest>
    <UnitTest name="ShouldCompareLongValues" storage="c:\users\harry\documents\visual studio 2010\projects\nomina\resources\ncalc - sources\evaluant.calculator.tests\bin\debug\ncalc.tests.dll" id="3ae23872-3d75-bc82-42d6-9adbad3af1f6">
      <Execution id="0ce34dc0-7351-4cce-ba9d-c1f78136f743" />
      <TestMethod codeBase="C:/Users/Harry/Documents/Visual Studio 2010/Projects/Nomina/Resources/NCalc - Sources/Evaluant.Calculator.Tests/bin/Debug/NCalc.Tests.DLL" adapterTypeName="Microsoft.VisualStudio.TestTools.TestTypes.Unit.UnitTestAdapter, Microsoft.VisualStudio.QualityTools.Tips.UnitTest.Adapter, Version=10.0.0.0, Culture=neutral, PublicKeyToken=b03f5f7f11d50a3a" className="NCalc.Tests.Fixtures, NCalc.Tests, Version=1.0.0.0, Culture=neutral, PublicKeyToken=null" name="ShouldCompareLongValues" />
    </UnitTest>
    <UnitTest name="ShouldHandleCustomParametersWhenNoSpecificParameterIsDefined" storage="c:\users\harry\documents\visual studio 2010\projects\nomina\resources\ncalc - sources\evaluant.calculator.tests\bin\debug\ncalc.tests.dll" id="a5acd1b5-8c86-dde6-28d4-fd6b8ea1aea8">
      <Execution id="cfa9c2f3-fa39-4175-a732-1e03889e9d7c" />
      <TestMethod codeBase="C:/Users/Harry/Documents/Visual Studio 2010/Projects/Nomina/Resources/NCalc - Sources/Evaluant.Calculator.Tests/bin/Debug/NCalc.Tests.DLL" adapterTypeName="Microsoft.VisualStudio.TestTools.TestTypes.Unit.UnitTestAdapter, Microsoft.VisualStudio.QualityTools.Tips.UnitTest.Adapter, Version=10.0.0.0, Culture=neutral, PublicKeyToken=b03f5f7f11d50a3a" className="NCalc.Tests.Fixtures, NCalc.Tests, Version=1.0.0.0, Culture=neutral, PublicKeyToken=null" name="ShouldHandleCustomParametersWhenNoSpecificParameterIsDefined" />
    </UnitTest>
    <UnitTest name="ShouldEvaluateTernaryExpression" storage="c:\users\harry\documents\visual studio 2010\projects\nomina\resources\ncalc - sources\evaluant.calculator.tests\bin\debug\ncalc.tests.dll" id="f883f998-5edb-abfa-1b95-a88a5125d938">
      <Execution id="ea8cbd95-1463-450a-b32f-d417ea463302" />
      <TestMethod codeBase="C:/Users/Harry/Documents/Visual Studio 2010/Projects/Nomina/Resources/NCalc - Sources/Evaluant.Calculator.Tests/bin/Debug/NCalc.Tests.DLL" adapterTypeName="Microsoft.VisualStudio.TestTools.TestTypes.Unit.UnitTestAdapter, Microsoft.VisualStudio.QualityTools.Tips.UnitTest.Adapter, Version=10.0.0.0, Culture=neutral, PublicKeyToken=b03f5f7f11d50a3a" className="NCalc.Tests.Fixtures, NCalc.Tests, Version=1.0.0.0, Culture=neutral, PublicKeyToken=null" name="ShouldEvaluateTernaryExpression" />
    </UnitTest>
    <UnitTest name="ShouldCompareDates" storage="c:\users\harry\documents\visual studio 2010\projects\nomina\resources\ncalc - sources\evaluant.calculator.tests\bin\debug\ncalc.tests.dll" id="a0ac7277-292f-26b0-8d71-7a7d83cf2fac">
      <Execution id="602d177a-c545-4312-bc04-d937a85e43a3" />
      <TestMethod codeBase="C:/Users/Harry/Documents/Visual Studio 2010/Projects/Nomina/Resources/NCalc - Sources/Evaluant.Calculator.Tests/bin/Debug/NCalc.Tests.DLL" adapterTypeName="Microsoft.VisualStudio.TestTools.TestTypes.Unit.UnitTestAdapter, Microsoft.VisualStudio.QualityTools.Tips.UnitTest.Adapter, Version=10.0.0.0, Culture=neutral, PublicKeyToken=b03f5f7f11d50a3a" className="NCalc.Tests.Fixtures, NCalc.Tests, Version=1.0.0.0, Culture=neutral, PublicKeyToken=null" name="ShouldCompareDates" />
    </UnitTest>
    <UnitTest name="CustomParametersShouldReturnNull" storage="c:\users\harry\documents\visual studio 2010\projects\nomina\resources\ncalc - sources\evaluant.calculator.tests\bin\debug\ncalc.tests.dll" id="0cfe1ffb-e02e-2f61-b48a-1ea9c6eef321">
      <Execution id="db6314e7-9e75-4ac7-aeec-e05069b88b29" />
      <TestMethod codeBase="C:/Users/Harry/Documents/Visual Studio 2010/Projects/Nomina/Resources/NCalc - Sources/Evaluant.Calculator.Tests/bin/Debug/NCalc.Tests.DLL" adapterTypeName="Microsoft.VisualStudio.TestTools.TestTypes.Unit.UnitTestAdapter, Microsoft.VisualStudio.QualityTools.Tips.UnitTest.Adapter, Version=10.0.0.0, Culture=neutral, PublicKeyToken=b03f5f7f11d50a3a" className="NCalc.Tests.Fixtures, NCalc.Tests, Version=1.0.0.0, Culture=neutral, PublicKeyToken=null" name="CustomParametersShouldReturnNull" />
    </UnitTest>
    <UnitTest name="ShouldReuseCompiledExpressionsInMultiThreadedMode" storage="c:\users\harry\documents\visual studio 2010\projects\nomina\resources\ncalc - sources\evaluant.calculator.tests\bin\debug\ncalc.tests.dll" id="44ef641d-b53d-762a-8108-a2905a512532">
      <Execution id="44499c50-cc3f-4d08-8ab3-72c8bf91d58b" />
      <TestMethod codeBase="C:/Users/Harry/Documents/Visual Studio 2010/Projects/Nomina/Resources/NCalc - Sources/Evaluant.Calculator.Tests/bin/Debug/NCalc.Tests.DLL" adapterTypeName="Microsoft.VisualStudio.TestTools.TestTypes.Unit.UnitTestAdapter, Microsoft.VisualStudio.QualityTools.Tips.UnitTest.Adapter, Version=10.0.0.0, Culture=neutral, PublicKeyToken=b03f5f7f11d50a3a" className="NCalc.Tests.Fixtures, NCalc.Tests, Version=1.0.0.0, Culture=neutral, PublicKeyToken=null" name="ShouldReuseCompiledExpressionsInMultiThreadedMode" />
    </UnitTest>
    <UnitTest name="ExpressionShouldEvaluateCustomFunctionsWithParameters" storage="c:\users\harry\documents\visual studio 2010\projects\nomina\resources\ncalc - sources\evaluant.calculator.tests\bin\debug\ncalc.tests.dll" id="3dded486-4d12-c481-86db-f04509f31c91">
      <Execution id="7f053a4b-edcf-4247-8189-faca181ed815" />
      <TestMethod codeBase="C:/Users/Harry/Documents/Visual Studio 2010/Projects/Nomina/Resources/NCalc - Sources/Evaluant.Calculator.Tests/bin/Debug/NCalc.Tests.DLL" adapterTypeName="Microsoft.VisualStudio.TestTools.TestTypes.Unit.UnitTestAdapter, Microsoft.VisualStudio.QualityTools.Tips.UnitTest.Adapter, Version=10.0.0.0, Culture=neutral, PublicKeyToken=b03f5f7f11d50a3a" className="NCalc.Tests.Fixtures, NCalc.Tests, Version=1.0.0.0, Culture=neutral, PublicKeyToken=null" name="ExpressionShouldEvaluateCustomFunctionsWithParameters" />
    </UnitTest>
    <UnitTest name="ShouldEscapeCharacters" storage="c:\users\harry\documents\visual studio 2010\projects\nomina\resources\ncalc - sources\evaluant.calculator.tests\bin\debug\ncalc.tests.dll" id="50851ca9-ead5-7cae-eeeb-136bbca96976">
      <Execution id="08cbb782-27db-4b93-87e2-315317753d54" />
      <TestMethod codeBase="C:/Users/Harry/Documents/Visual Studio 2010/Projects/Nomina/Resources/NCalc - Sources/Evaluant.Calculator.Tests/bin/Debug/NCalc.Tests.DLL" adapterTypeName="Microsoft.VisualStudio.TestTools.TestTypes.Unit.UnitTestAdapter, Microsoft.VisualStudio.QualityTools.Tips.UnitTest.Adapter, Version=10.0.0.0, Culture=neutral, PublicKeyToken=b03f5f7f11d50a3a" className="NCalc.Tests.Fixtures, NCalc.Tests, Version=1.0.0.0, Culture=neutral, PublicKeyToken=null" name="ShouldEscapeCharacters" />
    </UnitTest>
  </TestDefinitions>
  <TestLists>
    <TestList name="Resultados que no están en la lista" id="8c84fa94-04c1-424b-9868-57a2d4851a1d" />
    <TestList name="Todos los resultados cargados" id="19431567-8539-422a-85d7-44ee4e166bda" />
  </TestLists>
  <TestEntries>
    <TestEntry testId="30b92448-cbf7-4291-40fe-f05f5f2dc336" executionId="5db7f063-5eaa-4c36-9c49-e3dcbea9bb1e" testListId="8c84fa94-04c1-424b-9868-57a2d4851a1d" />
    <TestEntry testId="00714313-1542-cf11-92d9-eb7739023757" executionId="7fee0266-cc6c-4512-9854-14b00c82dd41" testListId="8c84fa94-04c1-424b-9868-57a2d4851a1d" />
    <TestEntry testId="6fe53641-9902-920a-89ad-6161ced249dc" executionId="4117a470-a046-416d-a4ee-99a5b8feb9e9" testListId="8c84fa94-04c1-424b-9868-57a2d4851a1d" />
    <TestEntry testId="50851ca9-ead5-7cae-eeeb-136bbca96976" executionId="08cbb782-27db-4b93-87e2-315317753d54" testListId="8c84fa94-04c1-424b-9868-57a2d4851a1d" />
    <TestEntry testId="db0daa54-3e1c-fc8b-ef6e-343b77a5c99f" executionId="9dfae139-8d32-4635-a44b-6a03085fe24e" testListId="8c84fa94-04c1-424b-9868-57a2d4851a1d" />
    <TestEntry testId="a3f2f0fc-a144-21e9-192b-729b833a050d" executionId="20b56698-01bb-4fef-b85e-6d29482bf262" testListId="8c84fa94-04c1-424b-9868-57a2d4851a1d" />
    <TestEntry testId="3b09401c-e456-50ee-49b8-5d61ed030cf5" executionId="6f14a759-0cfd-4745-97ef-2efbe5a6be1f" testListId="8c84fa94-04c1-424b-9868-57a2d4851a1d" />
    <TestEntry testId="3dded486-4d12-c481-86db-f04509f31c91" executionId="7f053a4b-edcf-4247-8189-faca181ed815" testListId="8c84fa94-04c1-424b-9868-57a2d4851a1d" />
    <TestEntry testId="c66384e6-6244-9854-9f1f-39947130ef1d" executionId="0da2ac3b-7e0f-4de4-baff-06a5c5627c53" testListId="8c84fa94-04c1-424b-9868-57a2d4851a1d" />
    <TestEntry testId="86c14894-d5f2-00ea-69b6-5d894ad03bfe" executionId="63301699-c6c2-4e34-b66c-aecc64569ee9" testListId="8c84fa94-04c1-424b-9868-57a2d4851a1d" />
    <TestEntry testId="8fafc336-58b1-0d6f-2efb-571efef47a9c" executionId="5154035e-f15e-46be-994b-5f1857b3ff72" testListId="8c84fa94-04c1-424b-9868-57a2d4851a1d" />
    <TestEntry testId="1f4133c4-f6b1-f736-ee19-ed99df461232" executionId="069460c3-a588-4250-967b-0895a94b5f35" testListId="8c84fa94-04c1-424b-9868-57a2d4851a1d" />
    <TestEntry testId="28725a4f-a72b-2b8c-1cb6-4c626b8d723e" executionId="84fd956f-3960-4a31-8eb8-a4ecb5185287" testListId="8c84fa94-04c1-424b-9868-57a2d4851a1d" />
    <TestEntry testId="2f52624a-b364-6c4b-1fd4-eb712a488572" executionId="141de686-24ac-4f60-8c22-3918f73cda4b" testListId="8c84fa94-04c1-424b-9868-57a2d4851a1d" />
    <TestEntry testId="d0a34968-467d-956a-bc68-c93edd90f861" executionId="8b71cc0a-1fdc-4f44-b85b-e27f67ce9494" testListId="8c84fa94-04c1-424b-9868-57a2d4851a1d" />
    <TestEntry testId="3cc2a4ad-73ed-3dee-95a3-4ecef7be987f" executionId="5304bf3e-5c9a-4764-8bc8-0c8d2b2d3c81" testListId="8c84fa94-04c1-424b-9868-57a2d4851a1d" />
    <TestEntry testId="fb8a4047-f775-26c5-6f85-e471b71899bc" executionId="b83fc75d-9717-4ca4-924f-23c64862bbd2" testListId="8c84fa94-04c1-424b-9868-57a2d4851a1d" />
    <TestEntry testId="f883f998-5edb-abfa-1b95-a88a5125d938" executionId="ea8cbd95-1463-450a-b32f-d417ea463302" testListId="8c84fa94-04c1-424b-9868-57a2d4851a1d" />
    <TestEntry testId="e9079026-5cc1-6c4f-6d75-6dac2168533b" executionId="3743e0b6-58e5-4b81-8725-3dabcf62116c" testListId="8c84fa94-04c1-424b-9868-57a2d4851a1d" />
    <TestEntry testId="c292a9dd-0417-f904-994b-8a7d425f5e1c" executionId="cc20c7bf-b562-4cf4-87b5-a62f5ef1b16d" testListId="8c84fa94-04c1-424b-9868-57a2d4851a1d" />
    <TestEntry testId="99604dcc-de04-2cf7-98b8-1efc5861e4da" executionId="51046cfc-4093-41b9-bca9-838b2d64a66c" testListId="8c84fa94-04c1-424b-9868-57a2d4851a1d" />
    <TestEntry testId="44ef641d-b53d-762a-8108-a2905a512532" executionId="44499c50-cc3f-4d08-8ab3-72c8bf91d58b" testListId="8c84fa94-04c1-424b-9868-57a2d4851a1d" />
    <TestEntry testId="4d8a6cc3-ab05-967a-37bc-cd67f9f06499" executionId="2d98c714-939a-411d-be91-1aaa7d6efaa6" testListId="8c84fa94-04c1-424b-9868-57a2d4851a1d" />
    <TestEntry testId="a5acd1b5-8c86-dde6-28d4-fd6b8ea1aea8" executionId="cfa9c2f3-fa39-4175-a732-1e03889e9d7c" testListId="8c84fa94-04c1-424b-9868-57a2d4851a1d" />
    <TestEntry testId="3e1995b8-60bc-eacf-6fac-1ed4ff2b93cf" executionId="445f2be2-c7c9-412e-82a4-fe942fc63056" testListId="8c84fa94-04c1-424b-9868-57a2d4851a1d" />
    <TestEntry testId="59c0caa0-1bac-8a6c-5b20-5f4e424a51c5" executionId="ebdf4737-7ccc-4fcf-894e-7801f2d3c5d4" testListId="8c84fa94-04c1-424b-9868-57a2d4851a1d" />
    <TestEntry testId="00b7bd15-91dd-659d-fdfb-b557696bdf1c" executionId="84b21ffb-e92a-4b18-97c2-3381cd201e9f" testListId="8c84fa94-04c1-424b-9868-57a2d4851a1d" />
    <TestEntry testId="36e69de9-a7d6-136f-02d0-d6e0fc09e5c8" executionId="3390486b-96cc-430e-bc32-d258a27e2dfe" testListId="8c84fa94-04c1-424b-9868-57a2d4851a1d" />
    <TestEntry testId="0cfe1ffb-e02e-2f61-b48a-1ea9c6eef321" executionId="db6314e7-9e75-4ac7-aeec-e05069b88b29" testListId="8c84fa94-04c1-424b-9868-57a2d4851a1d" />
    <TestEntry testId="a0ac7277-292f-26b0-8d71-7a7d83cf2fac" executionId="602d177a-c545-4312-bc04-d937a85e43a3" testListId="8c84fa94-04c1-424b-9868-57a2d4851a1d" />
    <TestEntry testId="8905f16c-c6ec-1d0d-831a-4c657b1b582c" executionId="079e4609-1cb9-4b81-bbbf-28f6e7aa0e74" testListId="8c84fa94-04c1-424b-9868-57a2d4851a1d" />
    <TestEntry testId="c5a2bb55-4742-840c-be0d-e0735b428da1" executionId="d656d9cc-ba79-441c-be7e-9f681a44dea2" testListId="8c84fa94-04c1-424b-9868-57a2d4851a1d" />
    <TestEntry testId="e429e649-a42d-8648-2bc2-29ac743fb4e2" executionId="8920bab5-2fae-46f8-8584-2a7fc6e6adb8" testListId="8c84fa94-04c1-424b-9868-57a2d4851a1d" />
    <TestEntry testId="3ae23872-3d75-bc82-42d6-9adbad3af1f6" executionId="0ce34dc0-7351-4cce-ba9d-c1f78136f743" testListId="8c84fa94-04c1-424b-9868-57a2d4851a1d" />
    <TestEntry testId="cc4cecb5-69e6-ccf6-a25a-ac3ea237170f" executionId="db55853a-8edc-43cb-8b7b-5ece2368f8d1" testListId="8c84fa94-04c1-424b-9868-57a2d4851a1d" />
    <TestEntry testId="778d5a49-70b2-378f-89c5-3a8ec74c3a38" executionId="444bd28e-d264-4e34-a663-4fe339a9206b" testListId="8c84fa94-04c1-424b-9868-57a2d4851a1d" />
    <TestEntry testId="2231ec10-37ba-343a-0ed3-1d00357393b0" executionId="86331649-486c-4fe8-9907-5219f732922b" testListId="8c84fa94-04c1-424b-9868-57a2d4851a1d" />
  </TestEntries>
  <Results>
    <UnitTestResult executionId="5db7f063-5eaa-4c36-9c49-e3dcbea9bb1e" testId="30b92448-cbf7-4291-40fe-f05f5f2dc336" testName="ExpressionShouldEvaluate" computerName="HARRY-PC" duration="00:00:00.1396392" startTime="2013-07-31T13:46:50.2136598+02:00" endTime="2013-07-31T13:46:51.8467532+02:00" testType="13cdc9d9-ddb5-4fa4-a97d-d965ccfc6d4b" outcome="Passed" testListId="8c84fa94-04c1-424b-9868-57a2d4851a1d" relativeResultsDirectory="5db7f063-5eaa-4c36-9c49-e3dcbea9bb1e">
      <Output>
        <StdOut>2 + 3 + 5 = 10
2 * 3 + 5 = 11
2 * (3 + 5) = 16
2 * (2*(2*(2+1))) = 24
10 % 3 = 1
true or false = True
not true = False
false || not (false and true) = True
3 &gt; 2 and 1 &lt;= (3-2) = True
3 % 2 != 10 % 3 = False</StdOut>
        <DebugTrace>QTAgent32.exe Information: 0 : Expression added to cache: 2 + 3 + 5
QTAgent32.exe Information: 0 : Expression added to cache: 2 * 3 + 5
QTAgent32.exe Information: 0 : Expression added to cache: 2 * (3 + 5)
QTAgent32.exe Information: 0 : Expression added to cache: 2 * (2*(2*(2+1)))
QTAgent32.exe Information: 0 : Expression added to cache: 10 % 3
QTAgent32.exe Information: 0 : Expression added to cache: true or false
QTAgent32.exe Information: 0 : Expression added to cache: not true
QTAgent32.exe Information: 0 : Expression added to cache: false || not (false and true)
QTAgent32.exe Information: 0 : Expression added to cache: 3 &gt; 2 and 1 &lt;= (3-2)
QTAgent32.exe Information: 0 : Expression added to cache: 3 % 2 != 10 % 3
</DebugTrace>
      </Output>
    </UnitTestResult>
    <UnitTestResult executionId="7fee0266-cc6c-4512-9854-14b00c82dd41" testId="00714313-1542-cf11-92d9-eb7739023757" testName="ShouldParseValues" computerName="HARRY-PC" duration="00:00:00.0876327" startTime="2013-07-31T13:46:51.8687544+02:00" endTime="2013-07-31T13:46:51.9667600+02:00" testType="13cdc9d9-ddb5-4fa4-a97d-d965ccfc6d4b" outcome="Passed" testListId="8c84fa94-04c1-424b-9868-57a2d4851a1d" relativeResultsDirectory="7fee0266-cc6c-4512-9854-14b00c82dd41">
      <Output>
        <DebugTrace>QTAgent32.exe Information: 0 : Expression added to cache: 123456
QTAgent32.exe Information: 0 : Expression added to cache: #01/01/2001#
QTAgent32.exe Information: 0 : Expression added to cache: 123.456
QTAgent32.exe Information: 0 : Expression added to cache: true
QTAgent32.exe Information: 0 : Expression added to cache: 'true'
QTAgent32.exe Information: 0 : Expression added to cache: 'azerty'
</DebugTrace>
      </Output>
    </UnitTestResult>
    <UnitTestResult executionId="4117a470-a046-416d-a4ee-99a5b8feb9e9" testId="6fe53641-9902-920a-89ad-6161ced249dc" testName="ShouldHandleUnicode" computerName="HARRY-PC" duration="00:00:00.0065332" startTime="2013-07-31T13:46:51.9727604+02:00" endTime="2013-07-31T13:46:51.9977618+02:00" testType="13cdc9d9-ddb5-4fa4-a97d-d965ccfc6d4b" outcome="Passed" testListId="8c84fa94-04c1-424b-9868-57a2d4851a1d" relativeResultsDirectory="4117a470-a046-416d-a4ee-99a5b8feb9e9">
      <Output>
        <DebugTrace>QTAgent32.exe Information: 0 : Expression added to cache: '経済協力開発機構'
QTAgent32.exe Information: 0 : Expression added to cache: '\u0048\u0065\u006C\u006C\u006F'
QTAgent32.exe Information: 0 : Expression added to cache: '\u3060'
QTAgent32.exe Information: 0 : Expression added to cache: '\u0100'
</DebugTrace>
      </Output>
    </UnitTestResult>
    <UnitTestResult executionId="08cbb782-27db-4b93-87e2-315317753d54" testId="50851ca9-ead5-7cae-eeeb-136bbca96976" testName="ShouldEscapeCharacters" computerName="HARRY-PC" duration="00:00:00.0047266" startTime="2013-07-31T13:46:52.0047622+02:00" endTime="2013-07-31T13:46:52.0197631+02:00" testType="13cdc9d9-ddb5-4fa4-a97d-d965ccfc6d4b" outcome="Passed" testListId="8c84fa94-04c1-424b-9868-57a2d4851a1d" relativeResultsDirectory="08cbb782-27db-4b93-87e2-315317753d54">
      <Output>
        <DebugTrace>QTAgent32.exe Information: 0 : Expression added to cache: '\'hello\''
QTAgent32.exe Information: 0 : Expression added to cache: ' \' hel lo \' '
QTAgent32.exe Information: 0 : Expression added to cache: 'hel\nlo'
</DebugTrace>
      </Output>
    </UnitTestResult>
    <UnitTestResult executionId="9dfae139-8d32-4635-a44b-6a03085fe24e" testId="db0daa54-3e1c-fc8b-ef6e-343b77a5c99f" testName="ShouldDisplayErrorMessages" computerName="HARRY-PC" duration="00:00:00.1607722" startTime="2013-07-31T13:46:52.0317637+02:00" endTime="2013-07-31T13:46:52.1997734+02:00" testType="13cdc9d9-ddb5-4fa4-a97d-d965ccfc6d4b" outcome="Passed" testListId="8c84fa94-04c1-424b-9868-57a2d4851a1d" relativeResultsDirectory="9dfae139-8d32-4635-a44b-6a03085fe24e">
      <Output>
        <StdOut>Error catched: mismatched input '&lt;EOF&gt;' expecting ')' at line 0:-1</StdOut>
        <StdErr>line 0:-1 mismatched input '&lt;EOF&gt;' expecting ')'</StdErr>
      </Output>
    </UnitTestResult>
    <UnitTestResult executionId="20b56698-01bb-4fef-b85e-6d29482bf262" testId="a3f2f0fc-a144-21e9-192b-729b833a050d" testName="Maths" computerName="HARRY-PC" duration="00:00:00.0418132" startTime="2013-07-31T13:46:52.2057737+02:00" endTime="2013-07-31T13:46:52.2557766+02:00" testType="13cdc9d9-ddb5-4fa4-a97d-d965ccfc6d4b" outcome="Passed" testListId="8c84fa94-04c1-424b-9868-57a2d4851a1d" relativeResultsDirectory="20b56698-01bb-4fef-b85e-6d29482bf262">
      <Output>
        <DebugTrace>QTAgent32.exe Information: 0 : Expression added to cache: Abs(-1)
QTAgent32.exe Information: 0 : Expression added to cache: Acos(1)
QTAgent32.exe Information: 0 : Expression added to cache: Asin(0)
QTAgent32.exe Information: 0 : Expression added to cache: Atan(0)
QTAgent32.exe Information: 0 : Expression added to cache: Ceiling(1.5)
QTAgent32.exe Information: 0 : Expression added to cache: Cos(0)
QTAgent32.exe Information: 0 : Expression added to cache: Exp(0)
QTAgent32.exe Information: 0 : Expression added to cache: Floor(1.5)
QTAgent32.exe Information: 0 : Expression added to cache: IEEERemainder(3,2)
QTAgent32.exe Information: 0 : Expression added to cache: Log(1,10)
QTAgent32.exe Information: 0 : Expression added to cache: Log10(1)
QTAgent32.exe Information: 0 : Expression added to cache: Pow(3,2)
QTAgent32.exe Information: 0 : Expression added to cache: Round(3.222,2)
QTAgent32.exe Information: 0 : Expression added to cache: Sign(-10)
QTAgent32.exe Information: 0 : Expression added to cache: Sin(0)
QTAgent32.exe Information: 0 : Expression added to cache: Sqrt(4)
QTAgent32.exe Information: 0 : Expression added to cache: Tan(0)
QTAgent32.exe Information: 0 : Expression added to cache: Truncate(1.7)
</DebugTrace>
      </Output>
    </UnitTestResult>
    <UnitTestResult executionId="6f14a759-0cfd-4745-97ef-2efbe5a6be1f" testId="3b09401c-e456-50ee-49b8-5d61ed030cf5" testName="ExpressionShouldEvaluateCustomFunctions" computerName="HARRY-PC" duration="00:00:00.0022837" startTime="2013-07-31T13:46:52.2607768+02:00" endTime="2013-07-31T13:46:52.2737776+02:00" testType="13cdc9d9-ddb5-4fa4-a97d-d965ccfc6d4b" outcome="Passed" testListId="8c84fa94-04c1-424b-9868-57a2d4851a1d" relativeResultsDirectory="6f14a759-0cfd-4745-97ef-2efbe5a6be1f">
      <Output>
        <DebugTrace>QTAgent32.exe Information: 0 : Expression added to cache: SecretOperation(3, 6)
</DebugTrace>
      </Output>
    </UnitTestResult>
    <UnitTestResult executionId="7f053a4b-edcf-4247-8189-faca181ed815" testId="3dded486-4d12-c481-86db-f04509f31c91" testName="ExpressionShouldEvaluateCustomFunctionsWithParameters" computerName="HARRY-PC" duration="00:00:00.0028951" startTime="2013-07-31T13:46:52.2817780+02:00" endTime="2013-07-31T13:46:52.2927787+02:00" testType="13cdc9d9-ddb5-4fa4-a97d-d965ccfc6d4b" outcome="Passed" testListId="8c84fa94-04c1-424b-9868-57a2d4851a1d" relativeResultsDirectory="7f053a4b-edcf-4247-8189-faca181ed815">
      <Output>
        <DebugTrace>QTAgent32.exe Information: 0 : Expression added to cache: SecretOperation([e], 6) + f
</DebugTrace>
      </Output>
    </UnitTestResult>
    <UnitTestResult executionId="0da2ac3b-7e0f-4de4-baff-06a5c5627c53" testId="c66384e6-6244-9854-9f1f-39947130ef1d" testName="ExpressionShouldEvaluateParameters" computerName="HARRY-PC" duration="00:00:00.0037556" startTime="2013-07-31T13:46:52.3007791+02:00" endTime="2013-07-31T13:46:52.3117798+02:00" testType="13cdc9d9-ddb5-4fa4-a97d-d965ccfc6d4b" outcome="Passed" testListId="8c84fa94-04c1-424b-9868-57a2d4851a1d" relativeResultsDirectory="0da2ac3b-7e0f-4de4-baff-06a5c5627c53">
      <Output>
        <DebugTrace>QTAgent32.exe Information: 0 : Expression added to cache: Round(Pow(Pi, 2) + Pow([Pi Squared], 2) + [X], 2)
QTAgent32.exe Information: 0 : Expression added to cache: Pi * [Pi]
</DebugTrace>
      </Output>
    </UnitTestResult>
    <UnitTestResult executionId="63301699-c6c2-4e34-b66c-aecc64569ee9" testId="86c14894-d5f2-00ea-69b6-5d894ad03bfe" testName="ShouldEvaluateConditionnal" computerName="HARRY-PC" duration="00:00:00.0070186" startTime="2013-07-31T13:46:52.3197802+02:00" endTime="2013-07-31T13:46:52.3337810+02:00" testType="13cdc9d9-ddb5-4fa4-a97d-d965ccfc6d4b" outcome="Passed" testListId="8c84fa94-04c1-424b-9868-57a2d4851a1d" relativeResultsDirectory="63301699-c6c2-4e34-b66c-aecc64569ee9">
      <Output>
        <DebugTrace>QTAgent32.exe Information: 0 : Expression added to cache: if([divider] &lt;&gt; 0, [divided] / [divider], 0)
QTAgent32.exe Information: 0 : Expression retrieved from cache: if([divider] &lt;&gt; 0, [divided] / [divider], 0)
</DebugTrace>
      </Output>
    </UnitTestResult>
    <UnitTestResult executionId="5154035e-f15e-46be-994b-5f1857b3ff72" testId="8fafc336-58b1-0d6f-2efb-571efef47a9c" testName="ShouldOverrideExistingFunctions" computerName="HARRY-PC" duration="00:00:00.0020006" startTime="2013-07-31T13:46:52.3417815+02:00" endTime="2013-07-31T13:46:52.3507820+02:00" testType="13cdc9d9-ddb5-4fa4-a97d-d965ccfc6d4b" outcome="Passed" testListId="8c84fa94-04c1-424b-9868-57a2d4851a1d" relativeResultsDirectory="5154035e-f15e-46be-994b-5f1857b3ff72">
      <Output>
        <DebugTrace>QTAgent32.exe Information: 0 : Expression added to cache: Round(1.99, 2)
</DebugTrace>
      </Output>
    </UnitTestResult>
    <UnitTestResult executionId="069460c3-a588-4250-967b-0895a94b5f35" testId="1f4133c4-f6b1-f736-ee19-ed99df461232" testName="ShouldEvaluateInOperator" computerName="HARRY-PC" duration="00:00:00.0743688" startTime="2013-07-31T13:46:52.3567823+02:00" endTime="2013-07-31T13:46:52.4407871+02:00" testType="13cdc9d9-ddb5-4fa4-a97d-d965ccfc6d4b" outcome="Passed" testListId="8c84fa94-04c1-424b-9868-57a2d4851a1d" relativeResultsDirectory="069460c3-a588-4250-967b-0895a94b5f35">
      <Output>
        <DebugTrace>QTAgent32.exe Information: 0 : Cache entry released: 2 + 3 + 5
QTAgent32.exe Information: 0 : Cache entry released: 2 * 3 + 5
QTAgent32.exe Information: 0 : Cache entry released: 2 * (3 + 5)
QTAgent32.exe Information: 0 : Cache entry released: 2 * (2*(2*(2+1)))
QTAgent32.exe Information: 0 : Cache entry released: 10 % 3
QTAgent32.exe Information: 0 : Cache entry released: true or false
QTAgent32.exe Information: 0 : Cache entry released: not true
QTAgent32.exe Information: 0 : Cache entry released: false || not (false and true)
QTAgent32.exe Information: 0 : Cache entry released: 3 &gt; 2 and 1 &lt;= (3-2)
QTAgent32.exe Information: 0 : Cache entry released: 3 % 2 != 10 % 3
QTAgent32.exe Information: 0 : Cache entry released: 123456
QTAgent32.exe Information: 0 : Cache entry released: #01/01/2001#
QTAgent32.exe Information: 0 : Cache entry released: 123.456
QTAgent32.exe Information: 0 : Cache entry released: true
QTAgent32.exe Information: 0 : Cache entry released: 'true'
QTAgent32.exe Information: 0 : Cache entry released: 'azerty'
QTAgent32.exe Information: 0 : Cache entry released: '経済協力開発機構'
QTAgent32.exe Information: 0 : Cache entry released: '\u0048\u0065\u006C\u006C\u006F'
QTAgent32.exe Information: 0 : Cache entry released: '\u3060'
QTAgent32.exe Information: 0 : Cache entry released: '\u0100'
QTAgent32.exe Information: 0 : Cache entry released: '\'hello\''
QTAgent32.exe Information: 0 : Cache entry released: ' \' hel lo \' '
QTAgent32.exe Information: 0 : Cache entry released: 'hel\nlo'
QTAgent32.exe Information: 0 : Cache entry released: Abs(-1)
QTAgent32.exe Information: 0 : Cache entry released: Acos(1)
QTAgent32.exe Information: 0 : Cache entry released: Asin(0)
QTAgent32.exe Information: 0 : Cache entry released: Atan(0)
QTAgent32.exe Information: 0 : Cache entry released: Ceiling(1.5)
QTAgent32.exe Information: 0 : Cache entry released: Cos(0)
QTAgent32.exe Information: 0 : Cache entry released: Exp(0)
QTAgent32.exe Information: 0 : Cache entry released: Floor(1.5)
QTAgent32.exe Information: 0 : Cache entry released: IEEERemainder(3,2)
QTAgent32.exe Information: 0 : Cache entry released: Log(1,10)
QTAgent32.exe Information: 0 : Cache entry released: Log10(1)
QTAgent32.exe Information: 0 : Cache entry released: Pow(3,2)
QTAgent32.exe Information: 0 : Cache entry released: Round(3.222,2)
QTAgent32.exe Information: 0 : Cache entry released: Sign(-10)
QTAgent32.exe Information: 0 : Cache entry released: Sin(0)
QTAgent32.exe Information: 0 : Cache entry released: Sqrt(4)
QTAgent32.exe Information: 0 : Cache entry released: Tan(0)
QTAgent32.exe Information: 0 : Cache entry released: Truncate(1.7)
QTAgent32.exe Information: 0 : Cache entry released: SecretOperation(3, 6)
QTAgent32.exe Information: 0 : Cache entry released: SecretOperation([e], 6) + f
QTAgent32.exe Information: 0 : Cache entry released: Round(Pow(Pi, 2) + Pow([Pi Squared], 2) + [X], 2)
QTAgent32.exe Information: 0 : Cache entry released: Pi * [Pi]
QTAgent32.exe Information: 0 : Cache entry released: if([divider] &lt;&gt; 0, [divided] / [divider], 0)
QTAgent32.exe Information: 0 : Cache entry released: Round(1.99, 2)
QTAgent32.exe Information: 0 : Expression added to cache: in((2 + 2), [1], [2], 1 + 2, 4, 1 / 0)
QTAgent32.exe Information: 0 : Expression added to cache: in((2 + 2), [1], [2], 1 + 2, 3)
QTAgent32.exe Information: 0 : Expression added to cache: in('to' + 'to', 'titi', 'toto')
</DebugTrace>
      </Output>
    </UnitTestResult>
    <UnitTestResult executionId="84fd956f-3960-4a31-8eb8-a4ecb5185287" testId="28725a4f-a72b-2b8c-1cb6-4c626b8d723e" testName="ShouldEvaluateOperators" computerName="HARRY-PC" duration="00:00:00.0363770" startTime="2013-07-31T13:46:52.4467875+02:00" endTime="2013-07-31T13:46:52.4917901+02:00" testType="13cdc9d9-ddb5-4fa4-a97d-d965ccfc6d4b" outcome="Passed" testListId="8c84fa94-04c1-424b-9868-57a2d4851a1d" relativeResultsDirectory="84fd956f-3960-4a31-8eb8-a4ecb5185287">
      <Output>
        <DebugTrace>QTAgent32.exe Information: 0 : Expression added to cache: !true
QTAgent32.exe Information: 0 : Expression added to cache: not false
QTAgent32.exe Information: 0 : Expression added to cache: 2 * 3
QTAgent32.exe Information: 0 : Expression added to cache: 6 / 2
QTAgent32.exe Information: 0 : Expression added to cache: 7 % 2
QTAgent32.exe Information: 0 : Expression added to cache: 2 + 3
QTAgent32.exe Information: 0 : Expression added to cache: 2 - 1
QTAgent32.exe Information: 0 : Expression added to cache: 1 &lt; 2
QTAgent32.exe Information: 0 : Expression added to cache: 1 &gt; 2
QTAgent32.exe Information: 0 : Expression added to cache: 1 &lt;= 2
QTAgent32.exe Information: 0 : Expression added to cache: 1 &lt;= 1
QTAgent32.exe Information: 0 : Expression added to cache: 1 &gt;= 2
QTAgent32.exe Information: 0 : Expression added to cache: 1 &gt;= 1
QTAgent32.exe Information: 0 : Expression added to cache: 1 = 1
QTAgent32.exe Information: 0 : Expression added to cache: 1 == 1
QTAgent32.exe Information: 0 : Expression added to cache: 1 != 1
QTAgent32.exe Information: 0 : Expression added to cache: 1 &lt;&gt; 1
QTAgent32.exe Information: 0 : Expression added to cache: 1 &amp; 1
QTAgent32.exe Information: 0 : Expression added to cache: 1 | 1
QTAgent32.exe Information: 0 : Expression added to cache: 1 ^ 1
QTAgent32.exe Information: 0 : Expression added to cache: ~1
QTAgent32.exe Information: 0 : Expression added to cache: 2 &gt;&gt; 1
QTAgent32.exe Information: 0 : Expression added to cache: 2 &lt;&lt; 1
QTAgent32.exe Information: 0 : Expression added to cache: true &amp;&amp; false
QTAgent32.exe Information: 0 : Expression added to cache: true and false
QTAgent32.exe Information: 0 : Expression added to cache: true || false
QTAgent32.exe Information: 0 : Expression added to cache: true or false
QTAgent32.exe Information: 0 : Expression added to cache: if(true, 0, 1)
QTAgent32.exe Information: 0 : Expression added to cache: if(false, 0, 1)
</DebugTrace>
      </Output>
    </UnitTestResult>
    <UnitTestResult executionId="141de686-24ac-4f60-8c22-3918f73cda4b" testId="2f52624a-b364-6c4b-1fd4-eb712a488572" testName="ShouldHandleOperatorsPriority" computerName="HARRY-PC" duration="00:00:00.0072047" startTime="2013-07-31T13:46:52.4977904+02:00" endTime="2013-07-31T13:46:52.5117912+02:00" testType="13cdc9d9-ddb5-4fa4-a97d-d965ccfc6d4b" outcome="Passed" testListId="8c84fa94-04c1-424b-9868-57a2d4851a1d" relativeResultsDirectory="141de686-24ac-4f60-8c22-3918f73cda4b">
      <Output>
        <DebugTrace>QTAgent32.exe Information: 0 : Expression added to cache: 2+2+2+2
QTAgent32.exe Information: 0 : Expression added to cache: 2*2*2*2
QTAgent32.exe Information: 0 : Expression added to cache: 2*2+2
QTAgent32.exe Information: 0 : Expression added to cache: 2+2*2
QTAgent32.exe Information: 0 : Expression added to cache: 1 + 2 + 3 * 4 / 2
QTAgent32.exe Information: 0 : Expression added to cache: 18/2/2*3
</DebugTrace>
      </Output>
    </UnitTestResult>
    <UnitTestResult executionId="8b71cc0a-1fdc-4f44-b85b-e27f67ce9494" testId="d0a34968-467d-956a-bc68-c93edd90f861" testName="ShouldNotLoosePrecision" computerName="HARRY-PC" duration="00:00:00.0013299" startTime="2013-07-31T13:46:52.5177915+02:00" endTime="2013-07-31T13:46:52.5477933+02:00" testType="13cdc9d9-ddb5-4fa4-a97d-d965ccfc6d4b" outcome="Passed" testListId="8c84fa94-04c1-424b-9868-57a2d4851a1d" relativeResultsDirectory="8b71cc0a-1fdc-4f44-b85b-e27f67ce9494">
      <Output>
        <DebugTrace>QTAgent32.exe Information: 0 : Expression added to cache: 3/6
</DebugTrace>
      </Output>
    </UnitTestResult>
    <UnitTestResult executionId="5304bf3e-5c9a-4764-8bc8-0c8d2b2d3c81" testId="3cc2a4ad-73ed-3dee-95a3-4ecef7be987f" testName="ShouldThrowAnExpcetionWhenInvalidNumber" computerName="HARRY-PC" duration="00:00:06.1023490" startTime="2013-07-31T13:46:52.5587939+02:00" endTime="2013-07-31T13:46:58.6611429+02:00" testType="13cdc9d9-ddb5-4fa4-a97d-d965ccfc6d4b" outcome="Aborted" testListId="8c84fa94-04c1-424b-9868-57a2d4851a1d" relativeResultsDirectory="5304bf3e-5c9a-4764-8bc8-0c8d2b2d3c81">
    </UnitTestResult>
    <UnitTestResult executionId="b83fc75d-9717-4ca4-924f-23c64862bbd2" testId="fb8a4047-f775-26c5-6f85-e471b71899bc" testName="ShouldNotRoundDecimalValues" computerName="HARRY-PC" testType="13cdc9d9-ddb5-4fa4-a97d-d965ccfc6d4b" outcome="NotExecuted" testListId="8c84fa94-04c1-424b-9868-57a2d4851a1d" relativeResultsDirectory="b83fc75d-9717-4ca4-924f-23c64862bbd2">
    </UnitTestResult>
    <UnitTestResult executionId="ea8cbd95-1463-450a-b32f-d417ea463302" testId="f883f998-5edb-abfa-1b95-a88a5125d938" testName="ShouldEvaluateTernaryExpression" computerName="HARRY-PC" testType="13cdc9d9-ddb5-4fa4-a97d-d965ccfc6d4b" outcome="NotExecuted" testListId="8c84fa94-04c1-424b-9868-57a2d4851a1d" relativeResultsDirectory="ea8cbd95-1463-450a-b32f-d417ea463302">
    </UnitTestResult>
    <UnitTestResult executionId="3743e0b6-58e5-4b81-8725-3dabcf62116c" testId="e9079026-5cc1-6c4f-6d75-6dac2168533b" testName="ShouldSerializeExpression" computerName="HARRY-PC" testType="13cdc9d9-ddb5-4fa4-a97d-d965ccfc6d4b" outcome="NotExecuted" testListId="8c84fa94-04c1-424b-9868-57a2d4851a1d" relativeResultsDirectory="3743e0b6-58e5-4b81-8725-3dabcf62116c">
    </UnitTestResult>
    <UnitTestResult executionId="cc20c7bf-b562-4cf4-87b5-a62f5ef1b16d" testId="c292a9dd-0417-f904-994b-8a7d425f5e1c" testName="ShouldHandleStringConcatenation" computerName="HARRY-PC" testType="13cdc9d9-ddb5-4fa4-a97d-d965ccfc6d4b" outcome="NotExecuted" testListId="8c84fa94-04c1-424b-9868-57a2d4851a1d" relativeResultsDirectory="cc20c7bf-b562-4cf4-87b5-a62f5ef1b16d">
    </UnitTestResult>
    <UnitTestResult executionId="51046cfc-4093-41b9-bca9-838b2d64a66c" testId="99604dcc-de04-2cf7-98b8-1efc5861e4da" testName="ShouldDetectSyntaxErrorsBeforeEvaluation" computerName="HARRY-PC" testType="13cdc9d9-ddb5-4fa4-a97d-d965ccfc6d4b" outcome="NotExecuted" testListId="8c84fa94-04c1-424b-9868-57a2d4851a1d" relativeResultsDirectory="51046cfc-4093-41b9-bca9-838b2d64a66c">
    </UnitTestResult>
    <UnitTestResult executionId="44499c50-cc3f-4d08-8ab3-72c8bf91d58b" testId="44ef641d-b53d-762a-8108-a2905a512532" testName="ShouldReuseCompiledExpressionsInMultiThreadedMode" computerName="HARRY-PC" testType="13cdc9d9-ddb5-4fa4-a97d-d965ccfc6d4b" outcome="NotExecuted" testListId="8c84fa94-04c1-424b-9868-57a2d4851a1d" relativeResultsDirectory="44499c50-cc3f-4d08-8ab3-72c8bf91d58b">
    </UnitTestResult>
    <UnitTestResult executionId="2d98c714-939a-411d-be91-1aaa7d6efaa6" testId="4d8a6cc3-ab05-967a-37bc-cd67f9f06499" testName="ShouldHandleCaseSensitiveness" computerName="HARRY-PC" testType="13cdc9d9-ddb5-4fa4-a97d-d965ccfc6d4b" outcome="NotExecuted" testListId="8c84fa94-04c1-424b-9868-57a2d4851a1d" relativeResultsDirectory="2d98c714-939a-411d-be91-1aaa7d6efaa6">
    </UnitTestResult>
    <UnitTestResult executionId="cfa9c2f3-fa39-4175-a732-1e03889e9d7c" testId="a5acd1b5-8c86-dde6-28d4-fd6b8ea1aea8" testName="ShouldHandleCustomParametersWhenNoSpecificParameterIsDefined" computerName="HARRY-PC" testType="13cdc9d9-ddb5-4fa4-a97d-d965ccfc6d4b" outcome="NotExecuted" testListId="8c84fa94-04c1-424b-9868-57a2d4851a1d" relativeResultsDirectory="cfa9c2f3-fa39-4175-a732-1e03889e9d7c">
    </UnitTestResult>
    <UnitTestResult executionId="445f2be2-c7c9-412e-82a4-fe942fc63056" testId="3e1995b8-60bc-eacf-6fac-1ed4ff2b93cf" testName="ShouldHandleCustomFunctionsInFunctions" computerName="HARRY-PC" testType="13cdc9d9-ddb5-4fa4-a97d-d965ccfc6d4b" outcome="NotExecuted" testListId="8c84fa94-04c1-424b-9868-57a2d4851a1d" relativeResultsDirectory="445f2be2-c7c9-412e-82a4-fe942fc63056">
    </UnitTestResult>
    <UnitTestResult executionId="ebdf4737-7ccc-4fcf-894e-7801f2d3c5d4" testId="59c0caa0-1bac-8a6c-5b20-5f4e424a51c5" testName="ShouldParseScientificNotation" computerName="HARRY-PC" testType="13cdc9d9-ddb5-4fa4-a97d-d965ccfc6d4b" outcome="NotExecuted" testListId="8c84fa94-04c1-424b-9868-57a2d4851a1d" relativeResultsDirectory="ebdf4737-7ccc-4fcf-894e-7801f2d3c5d4">
    </UnitTestResult>
    <UnitTestResult executionId="84b21ffb-e92a-4b18-97c2-3381cd201e9f" testId="00b7bd15-91dd-659d-fdfb-b557696bdf1c" testName="ShouldEvaluateArrayParameters" computerName="HARRY-PC" testType="13cdc9d9-ddb5-4fa4-a97d-d965ccfc6d4b" outcome="NotExecuted" testListId="8c84fa94-04c1-424b-9868-57a2d4851a1d" relativeResultsDirectory="84b21ffb-e92a-4b18-97c2-3381cd201e9f">
    </UnitTestResult>
    <UnitTestResult executionId="3390486b-96cc-430e-bc32-d258a27e2dfe" testId="36e69de9-a7d6-136f-02d0-d6e0fc09e5c8" testName="CustomFunctionShouldReturnNull" computerName="HARRY-PC" testType="13cdc9d9-ddb5-4fa4-a97d-d965ccfc6d4b" outcome="NotExecuted" testListId="8c84fa94-04c1-424b-9868-57a2d4851a1d" relativeResultsDirectory="3390486b-96cc-430e-bc32-d258a27e2dfe">
    </UnitTestResult>
    <UnitTestResult executionId="db6314e7-9e75-4ac7-aeec-e05069b88b29" testId="0cfe1ffb-e02e-2f61-b48a-1ea9c6eef321" testName="CustomParametersShouldReturnNull" computerName="HARRY-PC" testType="13cdc9d9-ddb5-4fa4-a97d-d965ccfc6d4b" outcome="NotExecuted" testListId="8c84fa94-04c1-424b-9868-57a2d4851a1d" relativeResultsDirectory="db6314e7-9e75-4ac7-aeec-e05069b88b29">
    </UnitTestResult>
    <UnitTestResult executionId="602d177a-c545-4312-bc04-d937a85e43a3" testId="a0ac7277-292f-26b0-8d71-7a7d83cf2fac" testName="ShouldCompareDates" computerName="HARRY-PC" testType="13cdc9d9-ddb5-4fa4-a97d-d965ccfc6d4b" outcome="NotExecuted" testListId="8c84fa94-04c1-424b-9868-57a2d4851a1d" relativeResultsDirectory="602d177a-c545-4312-bc04-d937a85e43a3">
    </UnitTestResult>
    <UnitTestResult executionId="079e4609-1cb9-4b81-bbbf-28f6e7aa0e74" testId="8905f16c-c6ec-1d0d-831a-4c657b1b582c" testName="ShouldRoundAwayFromZero" computerName="HARRY-PC" testType="13cdc9d9-ddb5-4fa4-a97d-d965ccfc6d4b" outcome="NotExecuted" testListId="8c84fa94-04c1-424b-9868-57a2d4851a1d" relativeResultsDirectory="079e4609-1cb9-4b81-bbbf-28f6e7aa0e74">
    </UnitTestResult>
    <UnitTestResult executionId="d656d9cc-ba79-441c-be7e-9f681a44dea2" testId="c5a2bb55-4742-840c-be0d-e0735b428da1" testName="ShouldEvaluateSubExpressions" computerName="HARRY-PC" testType="13cdc9d9-ddb5-4fa4-a97d-d965ccfc6d4b" outcome="NotExecuted" testListId="8c84fa94-04c1-424b-9868-57a2d4851a1d" relativeResultsDirectory="d656d9cc-ba79-441c-be7e-9f681a44dea2">
    </UnitTestResult>
    <UnitTestResult executionId="8920bab5-2fae-46f8-8584-2a7fc6e6adb8" testId="e429e649-a42d-8648-2bc2-29ac743fb4e2" testName="ShouldHandleLongValues" computerName="HARRY-PC" testType="13cdc9d9-ddb5-4fa4-a97d-d965ccfc6d4b" outcome="NotExecuted" testListId="8c84fa94-04c1-424b-9868-57a2d4851a1d" relativeResultsDirectory="8920bab5-2fae-46f8-8584-2a7fc6e6adb8">
    </UnitTestResult>
    <UnitTestResult executionId="0ce34dc0-7351-4cce-ba9d-c1f78136f743" testId="3ae23872-3d75-bc82-42d6-9adbad3af1f6" testName="ShouldCompareLongValues" computerName="HARRY-PC" testType="13cdc9d9-ddb5-4fa4-a97d-d965ccfc6d4b" outcome="NotExecuted" testListId="8c84fa94-04c1-424b-9868-57a2d4851a1d" relativeResultsDirectory="0ce34dc0-7351-4cce-ba9d-c1f78136f743">
    </UnitTestResult>
    <UnitTestResult executionId="db55853a-8edc-43cb-8b7b-5ece2368f8d1" testId="cc4cecb5-69e6-ccf6-a25a-ac3ea237170f" testName="ShouldDisplayErrorIfUncompatibleTypes" computerName="HARRY-PC" testType="13cdc9d9-ddb5-4fa4-a97d-d965ccfc6d4b" outcome="NotExecuted" testListId="8c84fa94-04c1-424b-9868-57a2d4851a1d" relativeResultsDirectory="db55853a-8edc-43cb-8b7b-5ece2368f8d1">
    </UnitTestResult>
    <UnitTestResult executionId="444bd28e-d264-4e34-a663-4fe339a9206b" testId="778d5a49-70b2-378f-89c5-3a8ec74c3a38" testName="ShouldNotConvertRealTypes" computerName="HARRY-PC" testType="13cdc9d9-ddb5-4fa4-a97d-d965ccfc6d4b" outcome="NotExecuted" testListId="8c84fa94-04c1-424b-9868-57a2d4851a1d" relativeResultsDirectory="444bd28e-d264-4e34-a663-4fe339a9206b">
    </UnitTestResult>
    <UnitTestResult executionId="86331649-486c-4fe8-9907-5219f732922b" testId="2231ec10-37ba-343a-0ed3-1d00357393b0" testName="ShouldShortCircuitBooleanExpressions" computerName="HARRY-PC" testType="13cdc9d9-ddb5-4fa4-a97d-d965ccfc6d4b" outcome="NotExecuted" testListId="8c84fa94-04c1-424b-9868-57a2d4851a1d" relativeResultsDirectory="86331649-486c-4fe8-9907-5219f732922b">
    </UnitTestResult>
  </Results>
</TestRun>